C51 COMPILER V9.01   MAIN                                                                  10/31/2018 18:51:52 PAGE 1   


C51 COMPILER V9.01, COMPILATION OF MODULE MAIN
OBJECT MODULE PLACED IN main.obj
COMPILER INVOKED BY: C:\Keil_v5\C51\BIN\C51.EXE src\main.c OPTIMIZE(8,SPEED) BROWSE DEBUG OBJECTEXTEND PRINT(.\main.lst)
                    - TABS(2) OBJECT(main.obj)

line level    source

   1          /*********************************************************************
   2                      巫妖王V3.0开发板例程
   3                   朱有鹏物联网大讲堂出品(www.zhulaoshi.org)      
   4                技术支持和学习讨论请加朱有鹏单片机学习1群 214959925获取
   5          **********************************************************************
   6          实验序列：21.1
   7          实验任务: 驱动OLED12864显示汉字、大小写英文、标点符号等   
   8          实现现象：程序执行后OLED12864上面一排显示相应的中英文字符和符号。
   9          硬件接线：使用巫妖王专用扩展板，将官方配套的0.96寸OLED屏插入专用扩展口，
  10                注意别插错排母或者插反，参考 OLED12864插接图.png
  11          注意事项：(1) 本程序使用的0.96寸OLCD12864模块数据手册和各种扩展资源资料
  12                  在巫妖王开发板光盘资料/7.扩展功能模块/3.0.96寸OLED显示屏
  13                (2) 本程序使用51单片机IO口模拟I2C接口与OLED屏的I2C接口通信
  14                (3) 我们选用的OLED屏本身不带字库，因此需要程序中提供字库。
  15          版    本：V1.00
  16          作    者：朱有鹏（AstonZhu）
  17          时    间：2018.10.30                        
  18          **********************************************************************/
  19          
  20          /*
  21          **********************************************************************
  22          *                         头文件包含
  23          **********************************************************************
  24          */
  25          #include "oled.h"
  26          
  27          
  28          /*
  29          **********************************************************************
  30          *                         本地宏定义
  31          **********************************************************************
  32          */
  33          
  34          
  35          /*
  36          **********************************************************************
  37          *                         本地全局变量
  38          **********************************************************************
  39          */
  40          
  41          
  42          /*
  43          **********************************************************************
  44          *                         函数原型声明
  45          **********************************************************************
  46          */
  47          
  48          
  49          /*********************************************************************
  50          * 函 数 名       : main
  51          * 函数功能     : 主函数
  52          * 参数列表       : 无
  53          * 函数输出       : 无
  54          *********************************************************************/
C51 COMPILER V9.01   MAIN                                                                  10/31/2018 18:51:52 PAGE 2   

  55          void main(void)
  56          {
  57   1        OLED_Init();      //初始化OLED  
  58   1        OLED_Clear(); 
  59   1          
  60   1        OLED_ShowCHinese(0+18*0,0,0); // 朱
  61   1        OLED_ShowCHinese(0+18*1,0,1); // 有
  62   1        OLED_ShowCHinese(0+18*2,0,2); // 鹏
  63   1        OLED_ShowCHinese(0+18*3,0,3); // 物
  64   1        OLED_ShowCHinese(0+18*4,0,4); // 联
  65   1        OLED_ShowCHinese(0+18*5,0,5); // 网
  66   1      
  67   1        OLED_ShowString(0,2,"ww.zhulaoshi.org",16);
  68   1        OLED_ShowString(0,4,"WUYAOWANG 51MCU",16);
  69   1        OLED_ShowString(0,6,"shenzhen, CHINA!",16);
  70   1      
  71   1        while (1);
  72   1      }
  73          
  74          
  75          
  76          
  77          
  78          
  79          
  80          
  81          


MODULE INFORMATION:   STATIC OVERLAYABLE
   CODE SIZE        =    108    ----
   CONSTANT SIZE    =     50    ----
   XDATA SIZE       =   ----    ----
   PDATA SIZE       =   ----    ----
   DATA SIZE        =   ----    ----
   IDATA SIZE       =   ----    ----
   BIT SIZE         =   ----    ----
END OF MODULE INFORMATION.


C51 COMPILATION COMPLETE.  0 WARNING(S),  0 ERROR(S)
