C51 COMPILER V9.60.0.0   MAIN                                                              01/31/2020 22:44:07 PAGE 1   


C51 COMPILER V9.60.0.0, COMPILATION OF MODULE MAIN
OBJECT MODULE PLACED IN .\Objects\main.obj
COMPILER INVOKED BY: D:\MDK\C51\BIN\C51.EXE ..\User\main.c OPTIMIZE(8,SPEED) BROWSE INCDIR(..\APP\DHT11;..\APP\oled;..\A
                    -PP\Usart;..\APP\ESP8266;..\User;..\APP\time) DEBUG OBJECTEXTEND PRINT(.\Listings\main.lst) TABS(2) OBJECT(.\Objects\main
                    -.obj)

line level    source

   1          #include "include.h"
   2          
   3          void main()
   4          {
   5   1        OLED_Init();      //≥ı ºªØOLED  
   6   1        OLED_Clear(); 
   7   1        
   8   1        while(1)
   9   1        {
  10   2          
  11   2        }
  12   1      }


MODULE INFORMATION:   STATIC OVERLAYABLE
   CODE SIZE        =      8    ----
   CONSTANT SIZE    =   ----    ----
   XDATA SIZE       =   ----    ----
   PDATA SIZE       =   ----    ----
   DATA SIZE        =   ----    ----
   IDATA SIZE       =   ----    ----
   BIT SIZE         =   ----    ----
END OF MODULE INFORMATION.


C51 COMPILATION COMPLETE.  0 WARNING(S),  0 ERROR(S)
