C51 COMPILER V9.01   MAIN                                                                  10/31/2018 18:52:45 PAGE 1   


C51 COMPILER V9.01, COMPILATION OF MODULE MAIN
OBJECT MODULE PLACED IN main.obj
COMPILER INVOKED BY: C:\Keil_v5\C51\BIN\C51.EXE src\main.c OPTIMIZE(8,SPEED) BROWSE DEBUG OBJECTEXTEND PRINT(.\main.lst)
                    - TABS(2) OBJECT(main.obj)

line level    source

   1          /*********************************************************************
   2                      巫妖王V3.0开发板例程
   3                   朱有鹏物联网大讲堂出品(www.zhulaoshi.org)      
   4                技术支持和学习讨论请加朱有鹏单片机学习1群 214959925获取
   5          **********************************************************************
   6          实验序列：21.2
   7          实验任务: 驱动OLED12864显示图片   
   8          实现现象：程序执行后OLED12864上面显示一副128*64分辨率的二值位图。
   9          硬件接线：使用巫妖王专用扩展板，将官方配套的0.96寸OLED屏插入专用扩展口，
  10                注意别插错排母或者插反，参考 OLED12864插接图.png
  11          注意事项：(1) 本程序使用的0.96寸OLCD12864模块数据手册和各种扩展资源资料
  12                  在巫妖王开发板光盘资料/7.扩展功能模块/3.0.96寸OLED显示屏
  13                (2) 本程序使用51单片机IO口模拟I2C接口与OLED屏的I2C接口通信
  14                (3) 我们选用的OLED屏本身不带字库，因此需要程序中提供字库。
  15          版    本：V1.00
  16          作    者：朱有鹏（AstonZhu）
  17          时    间：2018.10.30                        
  18          **********************************************************************/
  19          
  20          /*
  21          **********************************************************************
  22          *                         头文件包含
  23          **********************************************************************
  24          */
  25          #include "oled.h"
  26          #include "pic.h"
  27          
  28          /*
  29          **********************************************************************
  30          *                         本地宏定义
  31          **********************************************************************
  32          */
  33          
  34          
  35          /*
  36          **********************************************************************
  37          *                         本地全局变量
  38          **********************************************************************
  39          */
  40          
  41          
  42          /*
  43          **********************************************************************
  44          *                         函数原型声明
  45          **********************************************************************
  46          */
  47          
  48          
  49          /*********************************************************************
  50          * 函 数 名       : main
  51          * 函数功能     : 主函数
  52          * 参数列表       : 无
  53          * 函数输出       : 无
  54          *********************************************************************/
C51 COMPILER V9.01   MAIN                                                                  10/31/2018 18:52:45 PAGE 2   

  55          void main(void)
  56          {
  57   1        OLED_Init();      //初始化OLED  
  58   1        OLED_Clear(); 
  59   1          
  60   1        OLED_DrawBMP(0, 0, 128, 8, pic);
  61   1      
  62   1        while (1);
  63   1      }
  64          
  65          
  66          
  67          
  68          
  69          
  70          
  71          
  72          


MODULE INFORMATION:   STATIC OVERLAYABLE
   CODE SIZE        =     28    ----
   CONSTANT SIZE    =   1024    ----
   XDATA SIZE       =   ----    ----
   PDATA SIZE       =   ----    ----
   DATA SIZE        =   ----    ----
   IDATA SIZE       =   ----    ----
   BIT SIZE         =   ----    ----
END OF MODULE INFORMATION.


C51 COMPILATION COMPLETE.  0 WARNING(S),  0 ERROR(S)
